2021-01-06 17:49:54.123 - WARN - InetAddress.getLocalHost().getHostName() took 5004 milliseconds to respond. Please verify your network configuration (macOS machines may need to add entries to /etc/hosts).
2021-01-06 17:49:59.132 - INFO - Starting ServiceResumeApplication on MacBook-Pro-4.local with PID 23752 (/Users/yangdehong/IdeaProjects/springcloud-demo/service-resume/target/classes started by yangdehong in /Users/yangdehong/IdeaProjects/springcloud-demo)
2021-01-06 17:49:59.133 - INFO - The following profiles are active: dev
2021-01-06 17:50:00.024 - WARN - No MyBatis mapper was found in '[com.ydh.redsheep.serviceresume]' package. Please check your configuration.
2021-01-06 17:50:00.627 - INFO - Tomcat initialized with port(s): 8080 (http)
2021-01-06 17:50:00.636 - INFO - Starting service [Tomcat]
2021-01-06 17:50:00.636 - INFO - Starting Servlet engine: [Apache Tomcat/9.0.33]
2021-01-06 17:50:00.712 - INFO - Initializing Spring embedded WebApplicationContext
2021-01-06 17:50:00.712 - DEBUG - Published root WebApplicationContext as ServletContext attribute with name [org.springframework.web.context.WebApplicationContext.ROOT]
2021-01-06 17:50:00.712 - INFO - Root WebApplicationContext: initialization completed in 1502 ms
2021-01-06 17:50:01.201 - WARN - Exception encountered during context initialization - cancelling refresh attempt: org.springframework.beans.factory.BeanCreationException: Error creating bean with name 'resumeController': Injection of autowired dependencies failed; nested exception is java.lang.IllegalArgumentException: Could not resolve placeholder 'server.port' in value "${server.port}"
2021-01-06 17:50:01.201 - INFO - {dataSource-0} closing ...
2021-01-06 17:50:01.204 - INFO - Stopping service [Tomcat]
2021-01-06 17:50:01.220 - INFO - 

Error starting ApplicationContext. To display the conditions report re-run your application with 'debug' enabled.
2021-01-06 17:50:01.233 - ERROR - Application run failed
org.springframework.beans.factory.BeanCreationException: Error creating bean with name 'resumeController': Injection of autowired dependencies failed; nested exception is java.lang.IllegalArgumentException: Could not resolve placeholder 'server.port' in value "${server.port}"
	at org.springframework.beans.factory.annotation.AutowiredAnnotationBeanPostProcessor.postProcessProperties(AutowiredAnnotationBeanPostProcessor.java:405)
	at org.springframework.beans.factory.support.AbstractAutowireCapableBeanFactory.populateBean(AbstractAutowireCapableBeanFactory.java:1422)
	at org.springframework.beans.factory.support.AbstractAutowireCapableBeanFactory.doCreateBean(AbstractAutowireCapableBeanFactory.java:594)
	at org.springframework.beans.factory.support.AbstractAutowireCapableBeanFactory.createBean(AbstractAutowireCapableBeanFactory.java:517)
	at org.springframework.beans.factory.support.AbstractBeanFactory.lambda$doGetBean$0(AbstractBeanFactory.java:323)
	at org.springframework.beans.factory.support.DefaultSingletonBeanRegistry.getSingleton(DefaultSingletonBeanRegistry.java:222)
	at org.springframework.beans.factory.support.AbstractBeanFactory.doGetBean(AbstractBeanFactory.java:321)
	at org.springframework.beans.factory.support.AbstractBeanFactory.getBean(AbstractBeanFactory.java:202)
	at org.springframework.beans.factory.support.DefaultListableBeanFactory.preInstantiateSingletons(DefaultListableBeanFactory.java:882)
	at org.springframework.context.support.AbstractApplicationContext.finishBeanFactoryInitialization(AbstractApplicationContext.java:878)
	at org.springframework.context.support.AbstractApplicationContext.refresh(AbstractApplicationContext.java:550)
	at org.springframework.boot.web.servlet.context.ServletWebServerApplicationContext.refresh(ServletWebServerApplicationContext.java:141)
	at org.springframework.boot.SpringApplication.refresh(SpringApplication.java:747)
	at org.springframework.boot.SpringApplication.refreshContext(SpringApplication.java:397)
	at org.springframework.boot.SpringApplication.run(SpringApplication.java:315)
	at org.springframework.boot.SpringApplication.run(SpringApplication.java:1226)
	at org.springframework.boot.SpringApplication.run(SpringApplication.java:1215)
	at com.ydh.redsheep.serviceresume.ServiceResumeApplication.main(ServiceResumeApplication.java:12)
Caused by: java.lang.IllegalArgumentException: Could not resolve placeholder 'server.port' in value "${server.port}"
	at org.springframework.util.PropertyPlaceholderHelper.parseStringValue(PropertyPlaceholderHelper.java:178)
	at org.springframework.util.PropertyPlaceholderHelper.replacePlaceholders(PropertyPlaceholderHelper.java:124)
	at org.springframework.core.env.AbstractPropertyResolver.doResolvePlaceholders(AbstractPropertyResolver.java:236)
	at org.springframework.core.env.AbstractPropertyResolver.resolveRequiredPlaceholders(AbstractPropertyResolver.java:210)
	at org.springframework.context.support.PropertySourcesPlaceholderConfigurer.lambda$processProperties$0(PropertySourcesPlaceholderConfigurer.java:175)
	at org.springframework.beans.factory.support.AbstractBeanFactory.resolveEmbeddedValue(AbstractBeanFactory.java:909)
	at org.springframework.beans.factory.support.DefaultListableBeanFactory.doResolveDependency(DefaultListableBeanFactory.java:1231)
	at org.springframework.beans.factory.support.DefaultListableBeanFactory.resolveDependency(DefaultListableBeanFactory.java:1210)
	at org.springframework.beans.factory.annotation.AutowiredAnnotationBeanPostProcessor$AutowiredFieldElement.inject(AutowiredAnnotationBeanPostProcessor.java:640)
	at org.springframework.beans.factory.annotation.InjectionMetadata.inject(InjectionMetadata.java:130)
	at org.springframework.beans.factory.annotation.AutowiredAnnotationBeanPostProcessor.postProcessProperties(AutowiredAnnotationBeanPostProcessor.java:399)
	... 17 common frames omitted
2021-01-06 17:50:49.032 - WARN - InetAddress.getLocalHost().getHostName() took 5001 milliseconds to respond. Please verify your network configuration (macOS machines may need to add entries to /etc/hosts).
2021-01-06 17:50:54.043 - INFO - Starting ServiceResumeApplication on MacBook-Pro-4.local with PID 23786 (/Users/yangdehong/IdeaProjects/springcloud-demo/service-resume/target/classes started by yangdehong in /Users/yangdehong/IdeaProjects/springcloud-demo)
2021-01-06 17:50:54.044 - INFO - The following profiles are active: dev
2021-01-06 17:50:54.518 - WARN - No MyBatis mapper was found in '[com.ydh.redsheep.serviceresume]' package. Please check your configuration.
2021-01-06 17:50:54.943 - INFO - Tomcat initialized with port(s): 8080 (http)
2021-01-06 17:50:54.951 - INFO - Starting service [Tomcat]
2021-01-06 17:50:54.952 - INFO - Starting Servlet engine: [Apache Tomcat/9.0.33]
2021-01-06 17:50:55.038 - INFO - Initializing Spring embedded WebApplicationContext
2021-01-06 17:50:55.038 - DEBUG - Published root WebApplicationContext as ServletContext attribute with name [org.springframework.web.context.WebApplicationContext.ROOT]
2021-01-06 17:50:55.038 - INFO - Root WebApplicationContext: initialization completed in 952 ms
2021-01-06 17:50:55.640 - INFO - Initializing ExecutorService 'applicationTaskExecutor'
2021-01-06 17:50:55.651 - DEBUG - ControllerAdvice beans: 0 @ModelAttribute, 0 @InitBinder, 1 RequestBodyAdvice, 1 ResponseBodyAdvice
2021-01-06 17:50:55.699 - DEBUG - 3 mappings in 'requestMappingHandlerMapping'
2021-01-06 17:50:55.722 - DEBUG - Patterns [/webjars/**, /**] in 'resourceHandlerMapping'
2021-01-06 17:50:55.729 - DEBUG - ControllerAdvice beans: 0 @ExceptionHandler, 1 ResponseBodyAdvice
2021-01-06 17:50:55.878 - INFO - Tomcat started on port(s): 8080 (http) with context path ''
2021-01-06 17:50:55.884 - INFO - Started ServiceResumeApplication in 17.476 seconds (JVM running for 23.177)
2021-01-06 17:51:09.630 - INFO - Initializing Spring DispatcherServlet 'dispatcherServlet'
2021-01-06 17:51:09.630 - INFO - Initializing Servlet 'dispatcherServlet'
2021-01-06 17:51:09.631 - DEBUG - Detected StandardServletMultipartResolver
2021-01-06 17:51:09.637 - DEBUG - enableLoggingRequestDetails='false': request parameters and headers will be masked to prevent unsafe logging of potentially sensitive data
2021-01-06 17:51:09.637 - INFO - Completed initialization in 7 ms
2021-01-06 17:51:09.646 - DEBUG - GET "/resume/openstate?userId=1", parameters={masked}
2021-01-06 17:51:09.649 - DEBUG - Mapped to com.ydh.redsheep.serviceresume.controller.ResumeController#findDefaultResumeState(Long)
2021-01-06 17:51:09.723 - INFO - {dataSource-1} inited
2021-01-06 17:51:10.025 - DEBUG - Failed to complete request: org.springframework.jdbc.BadSqlGrammarException: 
### Error querying database.  Cause: java.sql.SQLSyntaxErrorException: Unknown column 'resume_name' in 'field list'
### The error may exist in com/ydh/redsheep/serviceresume/mapper/ResumeMapper.java (best guess)
### The error may involve com.ydh.redsheep.serviceresume.mapper.ResumeMapper.selectByPrimaryKey-Inline
### The error occurred while setting parameters
### SQL: SELECT id,sex,birthday,work_year,phone,email,status,resume_name,name,create_time,head_pic,is_del,update_time,user_id,is_default,highest_education,deliver_near_by_confirm,refuse_count,mark_can_interview_count,have_notice_inter_count,one_word,live_city,resume_score,user_identity,is_open_resume  FROM r_resume  WHERE  id = ?
### Cause: java.sql.SQLSyntaxErrorException: Unknown column 'resume_name' in 'field list'
; bad SQL grammar []; nested exception is java.sql.SQLSyntaxErrorException: Unknown column 'resume_name' in 'field list'
2021-01-06 17:51:10.033 - ERROR - Servlet.service() for servlet [dispatcherServlet] in context with path [] threw exception [Request processing failed; nested exception is org.springframework.jdbc.BadSqlGrammarException: 
### Error querying database.  Cause: java.sql.SQLSyntaxErrorException: Unknown column 'resume_name' in 'field list'
### The error may exist in com/ydh/redsheep/serviceresume/mapper/ResumeMapper.java (best guess)
### The error may involve com.ydh.redsheep.serviceresume.mapper.ResumeMapper.selectByPrimaryKey-Inline
### The error occurred while setting parameters
### SQL: SELECT id,sex,birthday,work_year,phone,email,status,resume_name,name,create_time,head_pic,is_del,update_time,user_id,is_default,highest_education,deliver_near_by_confirm,refuse_count,mark_can_interview_count,have_notice_inter_count,one_word,live_city,resume_score,user_identity,is_open_resume  FROM r_resume  WHERE  id = ?
### Cause: java.sql.SQLSyntaxErrorException: Unknown column 'resume_name' in 'field list'
; bad SQL grammar []; nested exception is java.sql.SQLSyntaxErrorException: Unknown column 'resume_name' in 'field list'] with root cause
java.sql.SQLSyntaxErrorException: Unknown column 'resume_name' in 'field list'
	at com.mysql.cj.jdbc.exceptions.SQLError.createSQLException(SQLError.java:120)
	at com.mysql.cj.jdbc.exceptions.SQLError.createSQLException(SQLError.java:97)
	at com.mysql.cj.jdbc.exceptions.SQLExceptionsMapping.translateException(SQLExceptionsMapping.java:122)
	at com.mysql.cj.jdbc.ClientPreparedStatement.executeInternal(ClientPreparedStatement.java:953)
	at com.mysql.cj.jdbc.ClientPreparedStatement.execute(ClientPreparedStatement.java:370)
	at com.alibaba.druid.pool.DruidPooledPreparedStatement.execute(DruidPooledPreparedStatement.java:497)
	at org.apache.ibatis.executor.statement.PreparedStatementHandler.query(PreparedStatementHandler.java:64)
	at org.apache.ibatis.executor.statement.RoutingStatementHandler.query(RoutingStatementHandler.java:79)
	at org.apache.ibatis.executor.SimpleExecutor.doQuery(SimpleExecutor.java:63)
	at org.apache.ibatis.executor.BaseExecutor.queryFromDatabase(BaseExecutor.java:324)
	at org.apache.ibatis.executor.BaseExecutor.query(BaseExecutor.java:156)
	at org.apache.ibatis.executor.CachingExecutor.query(CachingExecutor.java:109)
	at com.github.pagehelper.PageInterceptor.intercept(PageInterceptor.java:108)
	at org.apache.ibatis.plugin.Plugin.invoke(Plugin.java:61)
	at com.sun.proxy.$Proxy85.query(Unknown Source)
	at org.apache.ibatis.session.defaults.DefaultSqlSession.selectList(DefaultSqlSession.java:148)
	at org.apache.ibatis.session.defaults.DefaultSqlSession.selectList(DefaultSqlSession.java:141)
	at org.apache.ibatis.session.defaults.DefaultSqlSession.selectOne(DefaultSqlSession.java:77)
	at sun.reflect.NativeMethodAccessorImpl.invoke0(Native Method)
	at sun.reflect.NativeMethodAccessorImpl.invoke(NativeMethodAccessorImpl.java:62)
	at sun.reflect.DelegatingMethodAccessorImpl.invoke(DelegatingMethodAccessorImpl.java:43)
	at java.lang.reflect.Method.invoke(Method.java:498)
	at org.mybatis.spring.SqlSessionTemplate$SqlSessionInterceptor.invoke(SqlSessionTemplate.java:433)
	at com.sun.proxy.$Proxy66.selectOne(Unknown Source)
	at org.mybatis.spring.SqlSessionTemplate.selectOne(SqlSessionTemplate.java:166)
	at org.apache.ibatis.binding.MapperMethod.execute(MapperMethod.java:84)
	at org.apache.ibatis.binding.MapperProxy.invoke(MapperProxy.java:58)
	at com.sun.proxy.$Proxy74.selectByPrimaryKey(Unknown Source)
	at com.ydh.redsheep.serviceresume.service.impl.ResumeServiceImpl.findDefaultResumeByUserId(ResumeServiceImpl.java:18)
	at com.ydh.redsheep.serviceresume.controller.ResumeController.findDefaultResumeState(ResumeController.java:30)
	at sun.reflect.NativeMethodAccessorImpl.invoke0(Native Method)
	at sun.reflect.NativeMethodAccessorImpl.invoke(NativeMethodAccessorImpl.java:62)
	at sun.reflect.DelegatingMethodAccessorImpl.invoke(DelegatingMethodAccessorImpl.java:43)
	at java.lang.reflect.Method.invoke(Method.java:498)
	at org.springframework.web.method.support.InvocableHandlerMethod.doInvoke(InvocableHandlerMethod.java:190)
	at org.springframework.web.method.support.InvocableHandlerMethod.invokeForRequest(InvocableHandlerMethod.java:138)
	at org.springframework.web.servlet.mvc.method.annotation.ServletInvocableHandlerMethod.invokeAndHandle(ServletInvocableHandlerMethod.java:105)
	at org.springframework.web.servlet.mvc.method.annotation.RequestMappingHandlerAdapter.invokeHandlerMethod(RequestMappingHandlerAdapter.java:879)
	at org.springframework.web.servlet.mvc.method.annotation.RequestMappingHandlerAdapter.handleInternal(RequestMappingHandlerAdapter.java:793)
	at org.springframework.web.servlet.mvc.method.AbstractHandlerMethodAdapter.handle(AbstractHandlerMethodAdapter.java:87)
	at org.springframework.web.servlet.DispatcherServlet.doDispatch(DispatcherServlet.java:1040)
	at org.springframework.web.servlet.DispatcherServlet.doService(DispatcherServlet.java:943)
	at org.springframework.web.servlet.FrameworkServlet.processRequest(FrameworkServlet.java:1006)
	at org.springframework.web.servlet.FrameworkServlet.doGet(FrameworkServlet.java:898)
	at javax.servlet.http.HttpServlet.service(HttpServlet.java:634)
	at org.springframework.web.servlet.FrameworkServlet.service(FrameworkServlet.java:883)
	at javax.servlet.http.HttpServlet.service(HttpServlet.java:741)
	at org.apache.catalina.core.ApplicationFilterChain.internalDoFilter(ApplicationFilterChain.java:231)
	at org.apache.catalina.core.ApplicationFilterChain.doFilter(ApplicationFilterChain.java:166)
	at org.apache.tomcat.websocket.server.WsFilter.doFilter(WsFilter.java:53)
	at org.apache.catalina.core.ApplicationFilterChain.internalDoFilter(ApplicationFilterChain.java:193)
	at org.apache.catalina.core.ApplicationFilterChain.doFilter(ApplicationFilterChain.java:166)
	at org.springframework.web.filter.RequestContextFilter.doFilterInternal(RequestContextFilter.java:100)
	at org.springframework.web.filter.OncePerRequestFilter.doFilter(OncePerRequestFilter.java:119)
	at org.apache.catalina.core.ApplicationFilterChain.internalDoFilter(ApplicationFilterChain.java:193)
	at org.apache.catalina.core.ApplicationFilterChain.doFilter(ApplicationFilterChain.java:166)
	at org.springframework.web.filter.FormContentFilter.doFilterInternal(FormContentFilter.java:93)
	at org.springframework.web.filter.OncePerRequestFilter.doFilter(OncePerRequestFilter.java:119)
	at org.apache.catalina.core.ApplicationFilterChain.internalDoFilter(ApplicationFilterChain.java:193)
	at org.apache.catalina.core.ApplicationFilterChain.doFilter(ApplicationFilterChain.java:166)
	at org.springframework.web.filter.CharacterEncodingFilter.doFilterInternal(CharacterEncodingFilter.java:201)
	at org.springframework.web.filter.OncePerRequestFilter.doFilter(OncePerRequestFilter.java:119)
	at org.apache.catalina.core.ApplicationFilterChain.internalDoFilter(ApplicationFilterChain.java:193)
	at org.apache.catalina.core.ApplicationFilterChain.doFilter(ApplicationFilterChain.java:166)
	at org.apache.catalina.core.StandardWrapperValve.invoke(StandardWrapperValve.java:202)
	at org.apache.catalina.core.StandardContextValve.invoke(StandardContextValve.java:96)
	at org.apache.catalina.authenticator.AuthenticatorBase.invoke(AuthenticatorBase.java:541)
	at org.apache.catalina.core.StandardHostValve.invoke(StandardHostValve.java:139)
	at org.apache.catalina.valves.ErrorReportValve.invoke(ErrorReportValve.java:92)
	at org.apache.catalina.core.StandardEngineValve.invoke(StandardEngineValve.java:74)
	at org.apache.catalina.connector.CoyoteAdapter.service(CoyoteAdapter.java:343)
	at org.apache.coyote.http11.Http11Processor.service(Http11Processor.java:373)
	at org.apache.coyote.AbstractProcessorLight.process(AbstractProcessorLight.java:65)
	at org.apache.coyote.AbstractProtocol$ConnectionHandler.process(AbstractProtocol.java:868)
	at org.apache.tomcat.util.net.NioEndpoint$SocketProcessor.doRun(NioEndpoint.java:1594)
	at org.apache.tomcat.util.net.SocketProcessorBase.run(SocketProcessorBase.java:49)
	at java.util.concurrent.ThreadPoolExecutor.runWorker(ThreadPoolExecutor.java:1149)
	at java.util.concurrent.ThreadPoolExecutor$Worker.run(ThreadPoolExecutor.java:624)
	at org.apache.tomcat.util.threads.TaskThread$WrappingRunnable.run(TaskThread.java:61)
	at java.lang.Thread.run(Thread.java:748)
2021-01-06 17:51:10.038 - DEBUG - "ERROR" dispatch for GET "/error?userId=1", parameters={masked}
2021-01-06 17:51:10.043 - DEBUG - Mapped to org.springframework.boot.autoconfigure.web.servlet.error.BasicErrorController#errorHtml(HttpServletRequest, HttpServletResponse)
2021-01-06 17:51:10.056 - DEBUG - Selected 'text/html' given [text/html, text/html;q=0.8]
2021-01-06 17:51:10.061 - DEBUG - Exiting from "ERROR" dispatch, status 500
2021-01-06 17:52:07.691 - INFO - Shutting down ExecutorService 'applicationTaskExecutor'
2021-01-06 17:52:07.691 - INFO - {dataSource-1} closing ...
2021-01-06 17:52:07.698 - INFO - {dataSource-1} closed
